<?xml version="1.0" encoding="UTF-8"?>
<testsuite xmlns:xsi="http://www.w3.org/2001/XMLSchema-instance" xsi:noNamespaceSchemaLocation="https://maven.apache.org/surefire/maven-surefire-plugin/xsd/surefire-test-report-3.0.xsd" version="3.0" name="by.it.academy.Md_AT1.hw2.ScannerUtilsTest" time="0.038" tests="14" errors="0" skipped="0" failures="0">
  <properties>
[...]
</properties>
  <testcase name="performCalculation(double, double, String, double)[1]" classname="by.it.academy.Md_AT1.hw2.ScannerUtilsTest" time="0.001">
    <system-out><![CDATA[5.0
]]></system-out>
  </testcase>
  <testcase name="performCalculation(double, double, String, double)[2]" classname="by.it.academy.Md_AT1.hw2.ScannerUtilsTest" time="0.001">
    <system-out><![CDATA[-20.0
]]></system-out>
  </testcase>
  <testcase name="performCalculation(double, double, String, double)[3]" classname="by.it.academy.Md_AT1.hw2.ScannerUtilsTest" time="0.001">
    <system-out><![CDATA[45.0
]]></system-out>
  </testcase>
  <testcase name="performCalculation(double, double, String, double)[4]" classname="by.it.academy.Md_AT1.hw2.ScannerUtilsTest" time="0">
    <system-out><![CDATA[4.0
]]></system-out>
  </testcase>
  <testcase name="whileEnterNotSymbolShouldGetMessage" classname="by.it.academy.Md_AT1.hw2.ScannerUtilsTest" time="0.002">
    <system-out><![CDATA[Choose the operation. Enter + - *  or /
Enter the correct operation
Enter the correct operation
Enter the correct operation

]]></system-out>
  </testcase>
  <testcase name="checkThatMethodReceivesNumbers(String)[1]" classname="by.it.academy.Md_AT1.hw2.ScannerUtilsTest" time="0.003"/>
  <testcase name="checkThatMethodReceivesNumbers(String)[2]" classname="by.it.academy.Md_AT1.hw2.ScannerUtilsTest" time="0.002"/>
  <testcase name="checkThatMethodReceivesNumbers(String)[3]" classname="by.it.academy.Md_AT1.hw2.ScannerUtilsTest" time="0.002"/>
  <testcase name="checkThatMethodReceivesNumbers(String)[4]" classname="by.it.academy.Md_AT1.hw2.ScannerUtilsTest" time="0.002"/>
  <testcase name="whileEnterNotNumberShouldGetMessage" classname="by.it.academy.Md_AT1.hw2.ScannerUtilsTest" time="0.001">
    <system-out><![CDATA[Enter a number
Enter the correct parameter
Enter the correct parameter
Enter the correct parameter
Enter the correct parameter

]]></system-out>
  </testcase>
  <testcase name="checkThatMethodReceivesSymbols(String)[1]" classname="by.it.academy.Md_AT1.hw2.ScannerUtilsTest" time="0"/>
  <testcase name="checkThatMethodReceivesSymbols(String)[2]" classname="by.it.academy.Md_AT1.hw2.ScannerUtilsTest" time="0.001"/>
  <testcase name="checkThatMethodReceivesSymbols(String)[3]" classname="by.it.academy.Md_AT1.hw2.ScannerUtilsTest" time="0.001"/>
  <testcase name="checkThatMethodReceivesSymbols(String)[4]" classname="by.it.academy.Md_AT1.hw2.ScannerUtilsTest" time="0.001"/>
</testsuite>